{"C:\\Users\\danie\\OneDrive - Loyola University Maryland\\Web Programming\\Web Program 1\\mongodbconnect.js": {"path":"C:\\Users\\danie\\OneDrive - Loyola University Maryland\\Web Programming\\Web Program 1\\mongodbconnect.js","statementMap":{"0":{"start":{"line":1,"column":0},"end":{"line":1,"column":27}},"1":{"start":{"line":2,"column":17},"end":{"line":2,"column":36}},"2":{"start":{"line":4,"column":0},"end":{"line":12,"column":1}},"3":{"start":{"line":5,"column":14},"end":{"line":5,"column":32}},"4":{"start":{"line":6,"column":4},"end":{"line":6,"column":53}},"5":{"start":{"line":6,"column":23},"end":{"line":6,"column":53}},"6":{"start":{"line":7,"column":4},"end":{"line":7,"column":68}},"7":{"start":{"line":7,"column":23},"end":{"line":7,"column":68}},"8":{"start":{"line":9,"column":4},"end":{"line":11,"column":7}},"9":{"start":{"line":10,"column":8},"end":{"line":10,"column":33}},"10":{"start":{"line":10,"column":16},"end":{"line":10,"column":33}},"11":{"start":{"line":14,"column":0},"end":{"line":16,"column":1}},"12":{"start":{"line":15,"column":4},"end":{"line":15,"column":38}}},"fnMap":{"0":{"name":"(anonymous_0)","decl":{"start":{"line":4,"column":18},"end":{"line":4,"column":19}},"loc":{"start":{"line":4,"column":33},"end":{"line":12,"column":1}},"line":4},"1":{"name":"(anonymous_1)","decl":{"start":{"line":9,"column":25},"end":{"line":9,"column":26}},"loc":{"start":{"line":9,"column":38},"end":{"line":11,"column":5}},"line":9},"2":{"name":"(anonymous_2)","decl":{"start":{"line":14,"column":21},"end":{"line":14,"column":22}},"loc":{"start":{"line":14,"column":37},"end":{"line":16,"column":1}},"line":14}},"branchMap":{"0":{"loc":{"start":{"line":6,"column":4},"end":{"line":6,"column":53}},"type":"if","locations":[{"start":{"line":6,"column":4},"end":{"line":6,"column":53}},{"start":{},"end":{}}],"line":6},"1":{"loc":{"start":{"line":7,"column":4},"end":{"line":7,"column":68}},"type":"if","locations":[{"start":{"line":7,"column":4},"end":{"line":7,"column":68}},{"start":{},"end":{}}],"line":7},"2":{"loc":{"start":{"line":10,"column":8},"end":{"line":10,"column":33}},"type":"if","locations":[{"start":{"line":10,"column":8},"end":{"line":10,"column":33}},{"start":{},"end":{}}],"line":10}},"s":{"0":1,"1":1,"2":1,"3":1,"4":1,"5":1,"6":1,"7":0,"8":1,"9":1,"10":0,"11":1,"12":1},"f":{"0":1,"1":1,"2":1},"b":{"0":[1,0],"1":[0,1],"2":[0,1]},"_coverageSchema":"1a1c01bbd47fc00a2c39e90264f33305004495a9","hash":"419d0a45b85f50f173ca99cebe62fda0988db113"}
,"C:\\Users\\danie\\OneDrive - Loyola University Maryland\\Web Programming\\Web Program 1\\model\\indexMongoDAO": {"path":"C:\\Users\\danie\\OneDrive - Loyola University Maryland\\Web Programming\\Web Program 1\\model\\indexMongoDAO","statementMap":{"0":{"start":{"line":1,"column":17},"end":{"line":1,"column":36}},"1":{"start":{"line":3,"column":11},"end":{"line":3,"column":24}},"2":{"start":{"line":7,"column":19},"end":{"line":16,"column":2}},"3":{"start":{"line":18,"column":18},"end":{"line":18,"column":52}},"4":{"start":{"line":20,"column":0},"end":{"line":25,"column":1}},"5":{"start":{"line":22,"column":16},"end":{"line":22,"column":38}},"6":{"start":{"line":24,"column":4},"end":{"line":24,"column":17}},"7":{"start":{"line":27,"column":0},"end":{"line":32,"column":1}},"8":{"start":{"line":29,"column":15},"end":{"line":29,"column":43}},"9":{"start":{"line":31,"column":4},"end":{"line":31,"column":16}},"10":{"start":{"line":34,"column":0},"end":{"line":40,"column":1}},"11":{"start":{"line":36,"column":17},"end":{"line":36,"column":39}},"12":{"start":{"line":37,"column":4},"end":{"line":37,"column":22}},"13":{"start":{"line":39,"column":4},"end":{"line":39,"column":16}},"14":{"start":{"line":42,"column":0},"end":{"line":46,"column":1}},"15":{"start":{"line":44,"column":18},"end":{"line":44,"column":55}},"16":{"start":{"line":45,"column":4},"end":{"line":45,"column":19}},"17":{"start":{"line":48,"column":0},"end":{"line":51,"column":1}},"18":{"start":{"line":50,"column":4},"end":{"line":50,"column":33}},"19":{"start":{"line":53,"column":0},"end":{"line":59,"column":1}},"20":{"start":{"line":55,"column":13},"end":{"line":55,"column":21}},"21":{"start":{"line":56,"column":22},"end":{"line":56,"column":65}},"22":{"start":{"line":58,"column":4},"end":{"line":58,"column":23}}},"fnMap":{"0":{"name":"(anonymous_0)","decl":{"start":{"line":20,"column":18},"end":{"line":20,"column":19}},"loc":{"start":{"line":21,"column":0},"end":{"line":25,"column":1}},"line":21},"1":{"name":"(anonymous_1)","decl":{"start":{"line":27,"column":15},"end":{"line":27,"column":16}},"loc":{"start":{"line":28,"column":0},"end":{"line":32,"column":1}},"line":28},"2":{"name":"(anonymous_2)","decl":{"start":{"line":34,"column":17},"end":{"line":34,"column":18}},"loc":{"start":{"line":35,"column":0},"end":{"line":40,"column":1}},"line":35},"3":{"name":"(anonymous_3)","decl":{"start":{"line":42,"column":14},"end":{"line":42,"column":15}},"loc":{"start":{"line":43,"column":0},"end":{"line":46,"column":1}},"line":43},"4":{"name":"(anonymous_4)","decl":{"start":{"line":48,"column":20},"end":{"line":48,"column":21}},"loc":{"start":{"line":49,"column":0},"end":{"line":51,"column":1}},"line":49},"5":{"name":"(anonymous_5)","decl":{"start":{"line":53,"column":17},"end":{"line":53,"column":18}},"loc":{"start":{"line":54,"column":0},"end":{"line":59,"column":1}},"line":54}},"branchMap":{},"s":{"0":1,"1":1,"2":1,"3":1,"4":1,"5":7,"6":7,"7":1,"8":2,"9":2,"10":1,"11":5,"12":5,"13":5,"14":1,"15":1,"16":1,"17":1,"18":7,"19":1,"20":1,"21":1,"22":1},"f":{"0":7,"1":2,"2":5,"3":1,"4":7,"5":1},"b":{},"inputSourceMap":null,"_coverageSchema":"1a1c01bbd47fc00a2c39e90264f33305004495a9","hash":"10e6e66214f49e50b5f4ea43195dffc4b14bc82f"}
}
