TN:
SF:mongodbconnect.js
FN:4,(anonymous_0)
FN:9,(anonymous_1)
FN:14,(anonymous_2)
FNF:3
FNH:3
FNDA:1,(anonymous_0)
FNDA:1,(anonymous_1)
FNDA:1,(anonymous_2)
DA:1,1
DA:2,1
DA:4,1
DA:5,1
DA:6,1
DA:7,1
DA:9,1
DA:10,1
DA:14,1
DA:15,1
LF:10
LH:10
BRDA:6,0,0,1
BRDA:6,0,1,0
BRDA:7,1,0,0
BRDA:7,1,1,1
BRDA:10,2,0,0
BRDA:10,2,1,1
BRF:6
BRH:3
end_of_record
TN:
SF:model\indexMongoDAO
FN:20,(anonymous_0)
FN:27,(anonymous_1)
FN:34,(anonymous_2)
FN:42,(anonymous_3)
FN:48,(anonymous_4)
FN:53,(anonymous_5)
FNF:6
FNH:6
FNDA:7,(anonymous_0)
FNDA:2,(anonymous_1)
FNDA:5,(anonymous_2)
FNDA:1,(anonymous_3)
FNDA:7,(anonymous_4)
FNDA:1,(anonymous_5)
DA:1,1
DA:3,1
DA:7,1
DA:18,1
DA:20,1
DA:22,7
DA:24,7
DA:27,1
DA:29,2
DA:31,2
DA:34,1
DA:36,5
DA:37,5
DA:39,5
DA:42,1
DA:44,1
DA:45,1
DA:48,1
DA:50,7
DA:53,1
DA:55,1
DA:56,1
DA:58,1
LF:23
LH:23
BRF:0
BRH:0
end_of_record
